This is pdfTeX, Version 3.14159265-2.6-1.40.16 (TeX Live 2015) (preloaded format=pdflatex 2015.10.21)  29 OCT 2015 01:08
entering extended mode
 restricted \write18 enabled.
 file:line:error style messages enabled.
 %&-line parsing enabled.
**"Interaction and high level design for the system.tex"
(./Interaction and high level design for the system.tex
LaTeX2e <2015/01/01>
Babel <3.9l> and hyphenation patterns for 79 languages loaded.
(./project.cls
Group project doc style modified by N.W. Hardy 2010-10-12
Document Class: project 2010/10/12 Group project Class
(/usr/local/texlive/2015/texmf-dist/tex/latex/base/article.cls
Document Class: article 2014/09/29 v1.4h Standard LaTeX document class
(/usr/local/texlive/2015/texmf-dist/tex/latex/base/size11.clo
File: size11.clo 2014/09/29 v1.4h Standard LaTeX file (size option)
)
\c@part=\count79
\c@section=\count80
\c@subsection=\count81
\c@subsubsection=\count82
\c@paragraph=\count83
\c@subparagraph=\count84
\c@figure=\count85
\c@table=\count86
\abovecaptionskip=\skip41
\belowcaptionskip=\skip42
\bibindent=\dimen102
)
(/usr/local/texlive/2015/texmf-dist/tex/latex/geometry/geometry.sty
Package: geometry 2010/09/12 v5.6 Page Geometry

(/usr/local/texlive/2015/texmf-dist/tex/latex/graphics/keyval.sty
Package: keyval 2014/10/28 v1.15 key=value parser (DPC)
\KV@toks@=\toks14
)
(/usr/local/texlive/2015/texmf-dist/tex/generic/oberdiek/ifpdf.sty
Package: ifpdf 2011/01/30 v2.3 Provides the ifpdf switch (HO)
Package ifpdf Info: pdfTeX in PDF mode is detected.
)
(/usr/local/texlive/2015/texmf-dist/tex/generic/oberdiek/ifvtex.sty
Package: ifvtex 2010/03/01 v1.5 Detect VTeX and its facilities (HO)
Package ifvtex Info: VTeX not detected.
)
(/usr/local/texlive/2015/texmf-dist/tex/generic/ifxetex/ifxetex.sty
Package: ifxetex 2010/09/12 v0.6 Provides ifxetex conditional
)
\Gm@cnth=\count87
\Gm@cntv=\count88
\c@Gm@tempcnt=\count89
\Gm@bindingoffset=\dimen103
\Gm@wd@mp=\dimen104
\Gm@odd@mp=\dimen105
\Gm@even@mp=\dimen106
\Gm@layoutwidth=\dimen107
\Gm@layoutheight=\dimen108
\Gm@layouthoffset=\dimen109
\Gm@layoutvoffset=\dimen110
\Gm@dimlist=\toks15


Package geometry Warning: Over-specification in `h'-direction.
    `width' (451.6875pt) is ignored.


Package geometry Warning: Over-specification in `v'-direction.
    `height' (672.1112pt) is ignored.

)) (/usr/local/texlive/2015/texmf-dist/tex/latex/hyperref/hyperref.sty
Package: hyperref 2012/11/06 v6.83m Hypertext links for LaTeX

(/usr/local/texlive/2015/texmf-dist/tex/generic/oberdiek/hobsub-hyperref.sty
Package: hobsub-hyperref 2012/05/28 v1.13 Bundle oberdiek, subset hyperref (HO)


(/usr/local/texlive/2015/texmf-dist/tex/generic/oberdiek/hobsub-generic.sty
Package: hobsub-generic 2012/05/28 v1.13 Bundle oberdiek, subset generic (HO)
Package: hobsub 2012/05/28 v1.13 Construct package bundles (HO)
Package: infwarerr 2010/04/08 v1.3 Providing info/warning/error messages (HO)
Package: ltxcmds 2011/11/09 v1.22 LaTeX kernel commands for general use (HO)
Package: ifluatex 2010/03/01 v1.3 Provides the ifluatex switch (HO)
Package ifluatex Info: LuaTeX not detected.
Package hobsub Info: Skipping package `ifvtex' (already loaded).
Package: intcalc 2007/09/27 v1.1 Expandable calculations with integers (HO)
Package hobsub Info: Skipping package `ifpdf' (already loaded).
Package: etexcmds 2011/02/16 v1.5 Avoid name clashes with e-TeX commands (HO)
Package etexcmds Info: Could not find \expanded.
(etexcmds)             That can mean that you are not using pdfTeX 1.50 or
(etexcmds)             that some package has redefined \expanded.
(etexcmds)             In the latter case, load this package earlier.
Package: kvsetkeys 2012/04/25 v1.16 Key value parser (HO)
Package: kvdefinekeys 2011/04/07 v1.3 Define keys (HO)
Package: pdftexcmds 2011/11/29 v0.20 Utility functions of pdfTeX for LuaTeX (HO
)
Package pdftexcmds Info: LuaTeX not detected.
Package pdftexcmds Info: \pdf@primitive is available.
Package pdftexcmds Info: \pdf@ifprimitive is available.
Package pdftexcmds Info: \pdfdraftmode found.
Package: pdfescape 2011/11/25 v1.13 Implements pdfTeX's escape features (HO)
Package: bigintcalc 2012/04/08 v1.3 Expandable calculations on big integers (HO
)
Package: bitset 2011/01/30 v1.1 Handle bit-vector datatype (HO)
Package: uniquecounter 2011/01/30 v1.2 Provide unlimited unique counter (HO)
)
Package hobsub Info: Skipping package `hobsub' (already loaded).
Package: letltxmacro 2010/09/02 v1.4 Let assignment for LaTeX macros (HO)
Package: hopatch 2012/05/28 v1.2 Wrapper for package hooks (HO)
Package: xcolor-patch 2011/01/30 xcolor patch
Package: atveryend 2011/06/30 v1.8 Hooks at the very end of document (HO)
Package atveryend Info: \enddocument detected (standard20110627).
Package: atbegshi 2011/10/05 v1.16 At begin shipout hook (HO)
Package: refcount 2011/10/16 v3.4 Data extraction from label references (HO)
Package: hycolor 2011/01/30 v1.7 Color options for hyperref/bookmark (HO)
)
(/usr/local/texlive/2015/texmf-dist/tex/latex/oberdiek/auxhook.sty
Package: auxhook 2011/03/04 v1.3 Hooks for auxiliary files (HO)
)
(/usr/local/texlive/2015/texmf-dist/tex/latex/oberdiek/kvoptions.sty
Package: kvoptions 2011/06/30 v3.11 Key value format for package options (HO)
)
\@linkdim=\dimen111
\Hy@linkcounter=\count90
\Hy@pagecounter=\count91

(/usr/local/texlive/2015/texmf-dist/tex/latex/hyperref/pd1enc.def
File: pd1enc.def 2012/11/06 v6.83m Hyperref: PDFDocEncoding definition (HO)
)
\Hy@SavedSpaceFactor=\count92

(/usr/local/texlive/2015/texmf-dist/tex/latex/latexconfig/hyperref.cfg
File: hyperref.cfg 2002/06/06 v1.2 hyperref configuration of TeXLive
)
Package hyperref Info: Hyper figures OFF on input line 4443.
Package hyperref Info: Link nesting OFF on input line 4448.
Package hyperref Info: Hyper index ON on input line 4451.
Package hyperref Info: Plain pages OFF on input line 4458.
Package hyperref Info: Backreferencing OFF on input line 4463.
Package hyperref Info: Implicit mode ON; LaTeX internals redefined.
Package hyperref Info: Bookmarks ON on input line 4688.
\c@Hy@tempcnt=\count93

(/usr/local/texlive/2015/texmf-dist/tex/latex/url/url.sty
\Urlmuskip=\muskip10
Package: url 2013/09/16  ver 3.4  Verb mode for urls, etc.
)
LaTeX Info: Redefining \url on input line 5041.
\XeTeXLinkMargin=\dimen112
\Fld@menulength=\count94
\Field@Width=\dimen113
\Fld@charsize=\dimen114
Package hyperref Info: Hyper figures OFF on input line 6295.
Package hyperref Info: Link nesting OFF on input line 6300.
Package hyperref Info: Hyper index ON on input line 6303.
Package hyperref Info: backreferencing OFF on input line 6310.
Package hyperref Info: Link coloring OFF on input line 6315.
Package hyperref Info: Link coloring with OCG OFF on input line 6320.
Package hyperref Info: PDF/A mode OFF on input line 6325.
LaTeX Info: Redefining \ref on input line 6365.
LaTeX Info: Redefining \pageref on input line 6369.
\Hy@abspage=\count95
\c@Item=\count96
\c@Hfootnote=\count97
)

Package hyperref Message: Driver: hpdftex.

(/usr/local/texlive/2015/texmf-dist/tex/latex/hyperref/hpdftex.def
File: hpdftex.def 2012/11/06 v6.83m Hyperref driver for pdfTeX
\Fld@listcount=\count98
\c@bookmark@seq@number=\count99

(/usr/local/texlive/2015/texmf-dist/tex/latex/oberdiek/rerunfilecheck.sty
Package: rerunfilecheck 2011/04/15 v1.7 Rerun checks for auxiliary files (HO)
Package uniquecounter Info: New unique counter `rerunfilecheck' on input line 2
82.
)
\Hy@SectionHShift=\skip43
)
(/usr/local/texlive/2015/texmf-dist/tex/latex/graphics/graphicx.sty
Package: graphicx 2014/10/28 v1.0g Enhanced LaTeX Graphics (DPC,SPQR)

(/usr/local/texlive/2015/texmf-dist/tex/latex/graphics/graphics.sty
Package: graphics 2014/10/28 v1.0p Standard LaTeX Graphics (DPC,SPQR)

(/usr/local/texlive/2015/texmf-dist/tex/latex/graphics/trig.sty
Package: trig 1999/03/16 v1.09 sin cos tan (DPC)
)
(/usr/local/texlive/2015/texmf-dist/tex/latex/latexconfig/graphics.cfg
File: graphics.cfg 2010/04/23 v1.9 graphics configuration of TeX Live
)
Package graphics Info: Driver file: pdftex.def on input line 94.

(/usr/local/texlive/2015/texmf-dist/tex/latex/pdftex-def/pdftex.def
File: pdftex.def 2011/05/27 v0.06d Graphics/color for pdfTeX
\Gread@gobject=\count100
))
\Gin@req@height=\dimen115
\Gin@req@width=\dimen116
)
(/usr/local/texlive/2015/texmf-dist/tex/latex/adjustbox/adjustbox.sty
Package: adjustbox 2012/05/21 v1.0 Adjusting TeX boxes (trim, clip, ...)

(/usr/local/texlive/2015/texmf-dist/tex/latex/xkeyval/xkeyval.sty
Package: xkeyval 2014/12/03 v2.7a package option processing (HA)

(/usr/local/texlive/2015/texmf-dist/tex/generic/xkeyval/xkeyval.tex
(/usr/local/texlive/2015/texmf-dist/tex/generic/xkeyval/xkvutils.tex
\XKV@toks=\toks16
\XKV@tempa@toks=\toks17
)
\XKV@depth=\count101
File: xkeyval.tex 2014/12/03 v2.7a key=value parser (HA)
))
(/usr/local/texlive/2015/texmf-dist/tex/latex/adjustbox/adjcalc.sty
Package: adjcalc 2012/05/16 v1.1 Provides advanced setlength with multiple back
-ends (calc, etex, pgfmath)
)
(/usr/local/texlive/2015/texmf-dist/tex/latex/adjustbox/trimclip.sty
Package: trimclip 2012/05/16 v1.0 Trim and clip general TeX material

(/usr/local/texlive/2015/texmf-dist/tex/latex/collectbox/collectbox.sty
Package: collectbox 2012/05/17 v0.4b Collect macro arguments as boxes
\collectedbox=\box26
)
\tc@llx=\dimen117
\tc@lly=\dimen118
\tc@urx=\dimen119
\tc@ury=\dimen120
Package trimclip Info: Using driver 'tc-pdftex.def'.

(/usr/local/texlive/2015/texmf-dist/tex/latex/adjustbox/tc-pdftex.def
File: tc-pdftex.def 2012/05/13 v1.0 Clipping driver for pdftex
))
\adjbox@Width=\dimen121
\adjbox@Height=\dimen122
\adjbox@Depth=\dimen123
\adjbox@Totalheight=\dimen124

(/usr/local/texlive/2015/texmf-dist/tex/latex/ifoddpage/ifoddpage.sty
Package: ifoddpage 2011/09/13 v1.0 Conditionals for odd/even page detection
\c@checkoddpage=\count102
)
(/usr/local/texlive/2015/texmf-dist/tex/latex/varwidth/varwidth.sty
Package: varwidth 2009/03/30 ver 0.92;  Variable-width minipages
\@vwid@box=\box27
\sift@deathcycles=\count103
\@vwid@loff=\dimen125
\@vwid@roff=\dimen126
))
(/usr/local/texlive/2015/texmf-dist/tex/latex/tools/tabularx.sty
Package: tabularx 2014/10/28 v2.10 `tabularx' package (DPC)

(/usr/local/texlive/2015/texmf-dist/tex/latex/tools/array.sty
Package: array 2014/10/28 v2.4c Tabular extension package (FMi)
\col@sep=\dimen127
\extrarowheight=\dimen128
\NC@list=\toks18
\extratabsurround=\skip44
\backup@length=\skip45
)
\TX@col@width=\dimen129
\TX@old@table=\dimen130
\TX@old@col=\dimen131
\TX@target=\dimen132
\TX@delta=\dimen133
\TX@cols=\count104
\TX@ftn=\toks19
)
(./Interaction and high level design for the system.aux)
\openout1 = `"Interaction and high level design for the system.aux"'.

LaTeX Font Info:    Checking defaults for OML/cmm/m/it on input line 7.
LaTeX Font Info:    ... okay on input line 7.
LaTeX Font Info:    Checking defaults for T1/cmr/m/n on input line 7.
LaTeX Font Info:    ... okay on input line 7.
LaTeX Font Info:    Checking defaults for OT1/cmr/m/n on input line 7.
LaTeX Font Info:    ... okay on input line 7.
LaTeX Font Info:    Checking defaults for OMS/cmsy/m/n on input line 7.
LaTeX Font Info:    ... okay on input line 7.
LaTeX Font Info:    Checking defaults for OMX/cmex/m/n on input line 7.
LaTeX Font Info:    ... okay on input line 7.
LaTeX Font Info:    Checking defaults for U/cmr/m/n on input line 7.
LaTeX Font Info:    ... okay on input line 7.
LaTeX Font Info:    Checking defaults for PD1/pdf/m/n on input line 7.
LaTeX Font Info:    ... okay on input line 7.

*geometry* driver: auto-detecting
*geometry* detected driver: pdftex
*geometry* verbose mode - [ preamble ] result:
* driver: pdftex
* paper: <default>
* layout: <same size as paper>
* layoutoffset:(h,v)=(0.0pt,0.0pt)
* modes: twoside 
* h-part:(L,W,R)=(56.9055pt, 483.69687pt, 56.9055pt)
* v-part:(T,H,B)=(56.9055pt, 731.23584pt, 56.9055pt)
* \paperwidth=597.50787pt
* \paperheight=845.04684pt
* \textwidth=483.69687pt
* \textheight=731.23584pt
* \oddsidemargin=-15.36449pt
* \evensidemargin=-15.36449pt
* \topmargin=-52.36449pt
* \headheight=12.0pt
* \headsep=25.0pt
* \topskip=11.0pt
* \footskip=30.0pt
* \marginparwidth=103.0pt
* \marginparsep=10.0pt
* \columnsep=10.0pt
* \skip\footins=10.0pt plus 4.0pt minus 2.0pt
* \hoffset=0.0pt
* \voffset=0.0pt
* \mag=1000
* \@twocolumnfalse
* \@twosidetrue
* \@mparswitchtrue
* \@reversemarginfalse
* (1in=72.27pt=25.4mm, 1cm=28.453pt)

\AtBeginShipoutBox=\box28
Package hyperref Info: Link coloring OFF on input line 7.
(/usr/local/texlive/2015/texmf-dist/tex/latex/hyperref/nameref.sty
Package: nameref 2012/10/27 v2.43 Cross-referencing by name of section

(/usr/local/texlive/2015/texmf-dist/tex/generic/oberdiek/gettitlestring.sty
Package: gettitlestring 2010/12/03 v1.4 Cleanup title references (HO)
)
\c@section@level=\count105
)
LaTeX Info: Redefining \ref on input line 7.
LaTeX Info: Redefining \pageref on input line 7.
LaTeX Info: Redefining \nameref on input line 7.

(./Interaction and high level design for the system.out)
(./Interaction and high level design for the system.out)
\@outlinefile=\write3
\openout3 = `"Interaction and high level design for the system.out"'.


(/usr/local/texlive/2015/texmf-dist/tex/context/base/supp-pdf.mkii
[Loading MPS to PDF converter (version 2006.09.02).]
\scratchcounter=\count106
\scratchdimen=\dimen134
\scratchbox=\box29
\nofMPsegments=\count107
\nofMParguments=\count108
\everyMPshowfont=\toks20
\MPscratchCnt=\count109
\MPscratchDim=\dimen135
\MPnumerator=\count110
\makeMPintoPDFobject=\count111
\everyMPtoPDFconversion=\toks21
) (/usr/local/texlive/2015/texmf-dist/tex/latex/oberdiek/epstopdf-base.sty
Package: epstopdf-base 2010/02/09 v2.5 Base part for package epstopdf

(/usr/local/texlive/2015/texmf-dist/tex/latex/oberdiek/grfext.sty
Package: grfext 2010/08/19 v1.1 Manage graphics extensions (HO)
)
Package grfext Info: Graphics extension search list:
(grfext)             [.png,.pdf,.jpg,.mps,.jpeg,.jbig2,.jb2,.PNG,.PDF,.JPG,.JPE
G,.JBIG2,.JB2,.eps]
(grfext)             \AppendGraphicsExtensions on input line 452.

(/usr/local/texlive/2015/texmf-dist/tex/latex/latexconfig/epstopdf-sys.cfg
File: epstopdf-sys.cfg 2010/07/13 v1.3 Configuration of (r)epstopdf for TeX Liv
e
))
LaTeX Font Info:    External font `cmex10' loaded for size
(Font)              <10.95> on input line 17.
LaTeX Font Info:    External font `cmex10' loaded for size
(Font)              <8> on input line 17.
LaTeX Font Info:    External font `cmex10' loaded for size
(Font)              <6> on input line 17.
LaTeX Font Info:    Try loading font information for OMS+cmr on input line 17.

(/usr/local/texlive/2015/texmf-dist/tex/latex/base/omscmr.fd
File: omscmr.fd 2014/09/29 v2.5h Standard LaTeX font definitions
)
LaTeX Font Info:    Font shape `OMS/cmr/m/n' in size <10.95> not available
(Font)              Font shape `OMS/cmsy/m/n' tried instead on input line 17.

Overfull \hbox (0.5119pt too wide) in paragraph at lines 17--17
[] $[]$ 
 []

[0


{/usr/local/texlive/2015/texmf-var/fonts/map/pdftex/updmap/pdftex.map}]
(./Interaction and high level design for the system.toc)
\tf@toc=\write4
\openout4 = `"Interaction and high level design for the system.toc"'.

 [1]
Underfull \hbox (badness 10000) in paragraph at lines 23--26

 []

[2] <images/4.1/DeploymentDiagram.png, id=110, 875.27pt x 442.65375pt>
File: images/4.1/DeploymentDiagram.png Graphic file (type png)

<use images/4.1/DeploymentDiagram.png>
Package pdftex.def Info: images/4.1/DeploymentDiagram.png used on input line 39
.
(pdftex.def)             Requested size: 483.69687pt x 244.62204pt.

<images/4.2/ApplicationsInterface.jpg, id=113, 755.82375pt x 540.0175pt>
File: images/4.2/ApplicationsInterface.jpg Graphic file (type jpg)

<use images/4.2/ApplicationsInterface.jpg>
Package pdftex.def Info: images/4.2/ApplicationsInterface.jpg used on input lin
e 59.
(pdftex.def)             Requested size: 483.69687pt x 345.59354pt.
 [3

 <./images/4.1/DeploymentDiagram.png>]
Missing character: There is no   in font cmr10!

Underfull \hbox (badness 10000) in paragraph at lines 66--70

 []


Underfull \hbox (badness 10000) in paragraph at lines 66--70

 []

[4 <./images/4.2/ApplicationsInterface.jpg>]
<images/5.1/TaskerMANUseCase.jpg, id=126, 1049.9225pt x 678.535pt>
File: images/5.1/TaskerMANUseCase.jpg Graphic file (type jpg)

<use images/5.1/TaskerMANUseCase.jpg>
Package pdftex.def Info: images/5.1/TaskerMANUseCase.jpg used on input line 74.

(pdftex.def)             Requested size: 483.69687pt x 312.5958pt.
 [5

 <./images/5.1/TaskerMANUseCase.jpg>]
<images/5.2/TaskerMANHomePage.png, id=138, 320.8788pt x 170.0754pt>
File: images/5.2/TaskerMANHomePage.png Graphic file (type png)

<use images/5.2/TaskerMANHomePage.png>
Package pdftex.def Info: images/5.2/TaskerMANHomePage.png used on input line 94
.
(pdftex.def)             Requested size: 362.77264pt x 192.28156pt.

<images/5.2/TaskerMANAddUser.png, id=139, 330.9966pt x 180.675pt>
File: images/5.2/TaskerMANAddUser.png Graphic file (type png)

<use images/5.2/TaskerMANAddUser.png>
Package pdftex.def Info: images/5.2/TaskerMANAddUser.png used on input line 97.

(pdftex.def)             Requested size: 362.77264pt x 198.03458pt.

<images/5.2/TaskerMANEditUser.png, id=141, 317.5062pt x 201.8742pt>
File: images/5.2/TaskerMANEditUser.png Graphic file (type png)

<use images/5.2/TaskerMANEditUser.png>
Package pdftex.def Info: images/5.2/TaskerMANEditUser.png used on input line 10
0.
(pdftex.def)             Requested size: 362.77264pt x 230.65646pt.

<images/5.2/TaskerMANAddTask.png, id=143, 317.0244pt x 155.6214pt>
File: images/5.2/TaskerMANAddTask.png Graphic file (type png)

<use images/5.2/TaskerMANAddTask.png>
Package pdftex.def Info: images/5.2/TaskerMANAddTask.png used on input line 103
.
(pdftex.def)             Requested size: 362.77264pt x 178.08934pt.

<images/5.2/TaskerMANViewTask.png, id=147, 348.3414pt x 216.81pt>
File: images/5.2/TaskerMANViewTask.png Graphic file (type png)

<use images/5.2/TaskerMANViewTask.png>
Package pdftex.def Info: images/5.2/TaskerMANViewTask.png used on input line 10
6.
(pdftex.def)             Requested size: 362.77264pt x 225.80789pt.

Underfull \hbox (badness 10000) in paragraph at lines 94--108

 []


Underfull \hbox (badness 10000) in paragraph at lines 94--108

 []


Underfull \hbox (badness 10000) in paragraph at lines 94--108

 []


Underfull \hbox (badness 10000) in paragraph at lines 94--108

 []


Underfull \hbox (badness 10000) in paragraph at lines 94--108

 []


Underfull \hbox (badness 10000) in paragraph at lines 94--108

 []


Underfull \hbox (badness 10000) in paragraph at lines 94--108

 []


Underfull \hbox (badness 10000) in paragraph at lines 94--108

 []

[6 <./images/5.2/TaskerMANHomePage.png> <./images/5.2/TaskerMANAddUser.png>]
Underfull \vbox (badness 10000) has occurred while \output is active []

 [7 <./images/5.2/TaskerMANEditUser.png> <./images/5.2/TaskerMANAddTask.png>]
<images/5.2/TaskerCLILogin.png, id=172, 393.1488pt x 229.3368pt>
File: images/5.2/TaskerCLILogin.png Graphic file (type png)

<use images/5.2/TaskerCLILogin.png>
Package pdftex.def Info: images/5.2/TaskerCLILogin.png used on input line 111.
(pdftex.def)             Requested size: 241.84843pt x 141.07803pt.

<images/5.2/TaskerCLILoading.png, id=174, 393.1488pt x 229.3368pt>
File: images/5.2/TaskerCLILoading.png Graphic file (type png)

<use images/5.2/TaskerCLILoading.png>
Package pdftex.def Info: images/5.2/TaskerCLILoading.png used on input line 114
.
(pdftex.def)             Requested size: 241.84843pt x 141.07803pt.

<images/5.2/TaskerCLIMainScreen.png, id=176, 452.892pt x 305.4612pt>
File: images/5.2/TaskerCLIMainScreen.png Graphic file (type png)

<use images/5.2/TaskerCLIMainScreen.png>
Package pdftex.def Info: images/5.2/TaskerCLIMainScreen.png used on input line 
117.
(pdftex.def)             Requested size: 362.77264pt x 244.68623pt.

<images/5.2/TaskerCLITaskInfo.png, id=178, 707.64375pt x 475.02469pt>
File: images/5.2/TaskerCLITaskInfo.png Graphic file (type png)

<use images/5.2/TaskerCLITaskInfo.png>
Package pdftex.def Info: images/5.2/TaskerCLITaskInfo.png used on input line 12
0.
(pdftex.def)             Requested size: 362.77264pt x 243.52057pt.

<images/5.2/TaskerCLITaskUpdated.png, id=180, 707.64375pt x 475.02469pt>
File: images/5.2/TaskerCLITaskUpdated.png Graphic file (type png)

<use images/5.2/TaskerCLITaskUpdated.png>
Package pdftex.def Info: images/5.2/TaskerCLITaskUpdated.png used on input line
 123.
(pdftex.def)             Requested size: 362.77264pt x 243.52057pt.

<images/5.2/TaskerCLIMainScreenUpdated.png, id=181, 707.64375pt x 480.29437pt>
File: images/5.2/TaskerCLIMainScreenUpdated.png Graphic file (type png)

<use images/5.2/TaskerCLIMainScreenUpdated.png>
Package pdftex.def Info: images/5.2/TaskerCLIMainScreenUpdated.png used on inpu
t line 126.
(pdftex.def)             Requested size: 362.77264pt x 246.22208pt.

<images/5.2/TaskerCLIMainScreenSearch.png, id=182, 452.892pt x 304.0158pt>
File: images/5.2/TaskerCLIMainScreenSearch.png Graphic file (type png)

<use images/5.2/TaskerCLIMainScreenSearch.png>
Package pdftex.def Info: images/5.2/TaskerCLIMainScreenSearch.png used on input
 line 129.
(pdftex.def)             Requested size: 362.77264pt x 243.5284pt.

Underfull \hbox (badness 10000) in paragraph at lines 111--133

 []


Underfull \hbox (badness 10000) in paragraph at lines 111--133

 []


Underfull \hbox (badness 10000) in paragraph at lines 111--133

 []


Underfull \hbox (badness 10000) in paragraph at lines 111--133

 []


Underfull \hbox (badness 10000) in paragraph at lines 111--133

 []


Underfull \hbox (badness 10000) in paragraph at lines 111--133

 []


Underfull \hbox (badness 10000) in paragraph at lines 111--133

 []


Underfull \hbox (badness 10000) in paragraph at lines 111--133

 []


Underfull \hbox (badness 10000) in paragraph at lines 111--133

 []


Underfull \hbox (badness 10000) in paragraph at lines 111--133

 []


Underfull \hbox (badness 10000) in paragraph at lines 111--133

 []


Underfull \hbox (badness 10000) in paragraph at lines 111--133

 []


Underfull \hbox (badness 10000) in paragraph at lines 111--133

 []


Underfull \hbox (badness 10000) in paragraph at lines 111--133

 []

[8 <./images/5.2/TaskerMANViewTask.png> <./images/5.2/TaskerCLILogin.png> <./im
ages/5.2/TaskerCLILoading.png>]
Underfull \vbox (badness 10000) has occurred while \output is active []

 [9 <./images/5.2/TaskerCLIMainScreen.png> <./images/5.2/TaskerCLITaskInfo.png>
]
Underfull \vbox (badness 10000) has occurred while \output is active []

 [10 <./images/5.2/TaskerCLITaskUpdated.png> <./images/5.2/TaskerCLIMainScreenU
pdated.png>] [11 <./images/5.2/TaskerCLIMainScreenSearch.png>] [12

]
Package atveryend Info: Empty hook `BeforeClearDocument' on input line 188.
 [13

]
Package atveryend Info: Empty hook `AfterLastShipout' on input line 188.

(./Interaction and high level design for the system.aux)
Package atveryend Info: Executing hook `AtVeryEndDocument' on input line 188.
Package atveryend Info: Executing hook `AtEndAfterFileList' on input line 188.
Package rerunfilecheck Info: File `"Interaction and high level design for the s
ystem".out' has not changed.
(rerunfilecheck)             Checksum: 37D9AE375F15FB1E04CAFDDB7A0B353A;1055.
Package atveryend Info: Empty hook `AtVeryVeryEnd' on input line 188.
 ) 
Here is how much of TeX's memory you used:
 6508 strings out of 493089
 99522 string characters out of 6134841
 191685 words of memory out of 5000000
 9851 multiletter control sequences out of 15000+600000
 8243 words of font info for 29 fonts, out of 8000000 for 9000
 1141 hyphenation exceptions out of 8191
 31i,13n,35p,1055b,396s stack positions out of 5000i,500n,10000p,200000b,80000s
</usr/local/texlive/2015/texmf-dist/fonts/type1/public/amsfonts/cm/cmbx10.pfb
></usr/local/texlive/2015/texmf-dist/fonts/type1/public/amsfonts/cm/cmbx12.pfb>
</usr/local/texlive/2015/texmf-dist/fonts/type1/public/amsfonts/cm/cmr10.pfb></
usr/local/texlive/2015/texmf-dist/fonts/type1/public/amsfonts/cm/cmsy10.pfb></u
sr/local/texlive/2015/texmf-dist/fonts/type1/public/amsfonts/cm/cmti10.pfb>
Output written on "Interaction and high level design for the system.pdf" (14 pa
ges, 1048455 bytes).
PDF statistics:
 261 PDF objects out of 1000 (max. 8388607)
 209 compressed objects within 3 object streams
 53 named destinations out of 1000 (max. 500000)
 204 words of extra memory for PDF output out of 10000 (max. 10000000)

